make all --print-data-base --no-builtin-variables --no-builtin-rules --question
make: *** No rule to make target 'counter.o', needed by 'counter'.  Stop.
 
# GNU Make 4.0
# Built for x86_64-unknown-linux-gnu
# Copyright (C) 1988-2013 Free Software Foundation, Inc.
# License GPLv3+: GNU GPL version 3 or later <http://gnu.org/licenses/gpl.html>
# This is free software: you are free to change and redistribute it.
# There is NO WARRANTY, to the extent permitted by law.

# Make data base, printed on Mon Sep 27 14:19:18 2021

# Variables

# 'override' directive
GNUMAKEFLAGS := 
# automatic
<D = $(patsubst %/,%,$(dir $<))
# automatic
?F = $(notdir $?)
# environment
DESKTOP_SESSION = sle-classic
# default
.SHELLFLAGS := -c
# environment
VSCODE_LOG_NATIVE = false
# automatic
?D = $(patsubst %/,%,$(dir $?))
# environment
JAVA_ROOT = /usr/lib64/jvm/jre-openjdk
# automatic
@D = $(patsubst %/,%,$(dir $@))
# environment
XAUTHORITY = /run/gdm/auth-for-jeffery-o5XtRN/database
# environment
GDMSESSION = sle-classic
# environment
XMODIFIERS = @im=local
# makefile
CURDIR := /home/jeffery/learn/C++/Primer/ch01
# makefile
SHELL = /bin/sh
# environment
JRE_HOME = /usr/lib64/jvm/jre
# environment
VTE_VERSION = 4402
# environment
VSCODE_NLS_CONFIG = {"locale":"en-us","availableLanguages":{},"_languagePackSupport":true}
# environment
_ = /usr/bin/make
# environment
XDG_CONFIG_DIRS = /etc/xdg
# environment
LESSOPEN = lessopen.sh %s
# makefile (from 'Makefile', line 1)
MAKEFILE_LIST :=  Makefile
# environment
JAVA_HOME = /usr/lib64/jvm/jre-openjdk
# automatic
@F = $(notdir $@)
# environment
MINICOM = -c on
# environment
USERNAME = jeffery
# makefile (from 'Makefile', line 10)
SOURCES = hello.cc add.cc sum.cc bomb.cc average.cc counter.cc
# makefile (from 'Makefile', line 4)
CXXFLAGS = -g -Wall -std=c++17
# environment
XDG_DATA_DIRS = /usr/local/share:/usr/share
# environment
XSESSION_IS_UP = yes
# environment
DBUS_SESSION_BUS_ADDRESS = unix:abstract=/tmp/dbus-VegViNoljv,guid=71faf9331c8646f0cd6cb86f6151f626
# environment
VSCODE_VERBOSE_LOGGING = true
# environment
VSCODE_CLI = 1
# environment
MACHTYPE = x86_64-suse-linux
# makefile (from 'Makefile', line 8)
OBJS = hello.o add.o sum.o bomb.o average.o counter.o
# environment
VSCODE_IPC_HOOK_EXTHOST = /run/user/1004/vscode-ipc-360b6ee4-e964-49f0-a93b-c727323ebe01.sock
# environment
VSCODE_CWD = /home/jeffery/learn/C++/Primer/ch01
# default
MAKE_HOST := x86_64-unknown-linux-gnu
# environment
PATH = /home/jeffery/vscode/VSCode-linux-x64/bin:/home/jeffery/bin:/usr/local/bin:/usr/bin:/bin:/usr/bin/X11:/usr/games:/usr/lib/mit/bin:/usr/lib/mit/sbin
# environment
GPG_AGENT_INFO = /tmp/gpg-QJGuvY/S.gpg-agent:44600:1
# environment
XCURSOR_THEME = DMZ
# environment
SESSION_MANAGER = local/xcom11:@/tmp/.ICE-unix/44518,unix/xcom11:/tmp/.ICE-unix/44518
# environment
XDG_RUNTIME_DIR = /run/user/1004
# environment
WINDOWID = 25165830
# makefile (from 'Makefile', line 6)
PROGRAMS = hello add sum bomb average counter
# environment
BREAKPAD_DUMP_LOCATION = /home/jeffery/.config/Code - Insiders/exthost Crash Reports
# environment
JAVA_BINDIR = /usr/lib64/jvm/jre-openjdk/bin
# environment
XDG_MENU_PREFIX = gnome-
# environment
VSCODE_LOG_STACK = true
# environment
VSCODE_CRASH_REPORTER_START_OPTIONS = {"companyName":"Microsoft","productName":"VSCode","submitURL":"appcenter://code-insiders?aid=a04472a4-f4ea-4854-bf12-95bb0f2dd01a&uid=ead64b2c-fa7c-49fb-a07d-fd0a6154c29c&iid=ead64b2c-fa7c-49fb-a07d-fd0a6154c29c&sid=ead64b2c-fa7c-49fb-a07d-fd0a6154c29c","uploadToServer":true}
# default
.FEATURES := target-specific order-only second-expansion else-if shortest-stem undefine oneshell archives jobserver output-sync check-symlink load
# environment
LS_COLORS = no=00:fi=00:di=01;34:ln=00;36:pi=40;33:so=01;35:do=01;35:bd=40;33;01:cd=40;33;01:or=41;33;01:ex=00;32:*.cmd=00;32:*.exe=01;32:*.com=01;32:*.bat=01;32:*.btm=01;32:*.dll=01;32:*.tar=00;31:*.tbz=00;31:*.tgz=00;31:*.rpm=00;31:*.deb=00;31:*.arj=00;31:*.taz=00;31:*.lzh=00;31:*.lzma=00;31:*.zip=00;31:*.zoo=00;31:*.z=00;31:*.Z=00;31:*.gz=00;31:*.bz2=00;31:*.tb2=00;31:*.tz2=00;31:*.tbz2=00;31:*.xz=00;31:*.avi=01;35:*.bmp=01;35:*.fli=01;35:*.gif=01;35:*.jpg=01;35:*.jpeg=01;35:*.mng=01;35:*.mov=01;35:*.mpg=01;35:*.pcx=01;35:*.pbm=01;35:*.pgm=01;35:*.png=01;35:*.ppm=01;35:*.tga=01;35:*.tif=01;35:*.xbm=01;35:*.xpm=01;35:*.dl=01;35:*.gl=01;35:*.wmv=01;35:*.aiff=00;32:*.au=00;32:*.mid=00;32:*.mp3=00;32:*.ogg=00;32:*.voc=00;32:*.wav=00;32:
# environment
SSH_AUTH_SOCK = /run/user/1004/keyring/ssh
# automatic
%F = $(notdir $%)
# environment
DISPLAY = :0
# environment
GTK_IM_MODULE = cedilla
# environment
VSCODE_PIPE_LOGGING = true
# environment
PWD = /home/jeffery/learn/C++/Primer/ch01
# environment
QT_QPA_PLATFORMTHEME = qgnomeplatform
# environment
INPUTRC = /home/jeffery/.inputrc
# environment
QEMU_AUDIO_DRV = pa
# environment
XDG_SEAT = seat0
# environment
SSH_AGENT_PID = 44599
# environment
ORIGINAL_XDG_CURRENT_DESKTOP = GNOME-Classic:GNOME
# environment
AUDIODRIVER = pulseaudio
# environment
G_BROKEN_FILENAMES = 1
# environment
MANPATH = /usr/local/man:/usr/local/share/man:/usr/share/man
# environment
VSCODE_AMD_ENTRYPOINT = vs/workbench/services/extensions/node/extensionHostProcess
# environment
HOME = /home/jeffery
# environment
LESSCLOSE = lessclose.sh %s %s
# environment
LESSKEY = /etc/lesskey.bin
# environment
VSCODE_CODE_CACHE_PATH = /home/jeffery/.config/Code - Insiders/CachedData/53aff5e347865fe22f9487ebd54dec9db23773b2
# environment
LOGNAME = jeffery
# environment
G_FILENAME_ENCODING = @locale,UTF-8,ISO-8859-15,CP1252
# environment
APPLICATION_INSIGHTS_NO_DIAGNOSTIC_CHANNEL = true
# environment
ELECTRON_NO_ATTACH_CONSOLE = 1
# environment
QT_IM_SWITCHER = imsw-multi
# environment
VSCODE_HANDLES_UNCAUGHT_ERRORS = true
# default
MAKE_VERSION := 4.0
# environment
GNOME_DESKTOP_SESSION_ID = this-is-deprecated
# automatic
^D = $(patsubst %/,%,$(dir $^))
# environment
HOSTNAME = xcom11
# environment
XDG_VTNR = 7
# environment
MAKELEVEL := 0
# environment
SSH_ASKPASS = /usr/lib/ssh/ssh-askpass
# environment
COLORTERM = truecolor
# default
MAKE = $(MAKE_COMMAND)
# default
MAKECMDGOALS := all
# environment
QT_IM_MODULE = xim
# environment
OSTYPE = linux
# environment
XKEYSYMDB = /usr/X11R6/lib/X11/XKeysymDB
# environment
SHLVL = 3
# makefile (from 'Makefile', line 2)
CC = g++-9
# environment
WINDOWMANAGER = gnome-session
# environment
LESS_ADVANCED_PREPROCESSOR = no
# environment
GNOME_SHELL_SESSION_MODE = classic
# environment
XDG_SESSION_ID = 82
# environment
USER = jeffery
# environment
LS_OPTIONS = -N --color=tty -T 0
# makefile
.DEFAULT_GOAL := all
# environment
XDG_CURRENT_DESKTOP = GNOME-Classic:GNOME
# environment
LESS = -M -I -R
# automatic
%D = $(patsubst %/,%,$(dir $%))
# environment
CPU = x86_64
# default
MAKE_COMMAND := make
# environment
PROFILEREAD = true
# default
.VARIABLES := 
# automatic
*F = $(notdir $*)
# environment
ICEAUTHORITY = /home/jeffery/.ICEauthority
# environment
VSCODE_IPC_HOOK = /run/user/1004/vscode-f1fdc171-1.61.0-insider-main.sock
# makefile
MAKEFLAGS = pqrR
# environment
MFLAGS = -pqrR
# automatic
*D = $(patsubst %/,%,$(dir $*))
# environment
MAIL = /var/spool/mail/jeffery
# automatic
+D = $(patsubst %/,%,$(dir $+))
# environment
GDK_BACKEND = x11
# automatic
+F = $(notdir $+)
# environment
NO_AT_BRIDGE = 1
# environment
PYTHONSTARTUP = /etc/pythonstart
# default
MAKEFILES := 
# automatic
<F = $(notdir $<)
# environment
XAUTHLOCALHOSTNAME = xcom11
# environment
CSHEDIT = emacs
# environment
ELECTRON_RUN_AS_NODE = 1
# environment
ALSA_CONFIG_PATH = /etc/alsa-pulse.conf
# makefile (from 'Makefile', line 1)
CXX = g++-9
# environment
EDITOR = /usr/bin/emacs
# environment
PAGER = less
# environment
LC_ALL = C
# environment
HOSTTYPE = x86_64
# automatic
^F = $(notdir $^)
# environment
FROM_HEADER = 
# default
SUFFIXES := 
# environment
HISTSIZE = 1000
# environment
CHROME_DESKTOP = code-insiders-url-handler.desktop
# environment
XNLSPATH = /usr/share/X11/nls
# environment
SLE_CLASSIC_MODE = 1
# environment
WINDOWPATH = 7
# default
.INCLUDE_DIRS = /usr/include /usr/local/include /usr/include
# environment
MORE = -sl
# environment
SDL_AUDIODRIVER = pulse
# default
.RECIPEPREFIX := 
# environment
NNTPSERVER = news
# environment
GPG_TTY = /dev/pts/4
# environment
LANG = C
# environment
 
TERM = xterm-256color
# environment
QT_SYSTEM_DIR = /usr/share/desktop-data
# environment
VSCODE_PID = 62803
# environment
HOST = xcom11
# variable set hash-table stats:
# Load=148/1024=14%, Rehash=0, Collisions=22/174=13%

# Pattern-specific Variable Values

# No pattern-specific variable values.

# Directories

# . (device 66308, inode 541785145): 21 files, no impossibilities.

# 21 files, no impossibilities in 1 directories.

# Implicit Rules

# No implicit rules.

# Files

all: hello add sum bomb average counter
#  Command line target.
#  Implicit rule search has been done.
#  File does not exist.
#  File has not been updated.

# Not a target:
hello.o:
#  Implicit rule search has been done.
#  Last modified 2021-09-27 12:54:59.374861362
#  File has been updated.
#  Successfully updated.

add: add.o
#  Implicit rule search has been done.
#  Last modified 2021-09-27 12:54:59.67486201
#  File has been updated.
#  Successfully updated.

# Not a target:
add.o:
#  Implicit rule search has been done.
#  Last modified 2021-09-27 12:54:59.634861923
#  File has been updated.
#  Successfully updated.

# Not a target:
Makefile:
#  Implicit rule search has been done.
#  Last modified 2021-09-27 14:14:22.161139536
#  File has been updated.
#  Successfully updated.

# Not a target:
counter.o:
#  Implicit rule search has been done.
#  File does not exist.
#  File has not been updated.

counter: counter.o
#  Implicit rule search has been done.
#  File does not exist.
#  File has not been updated.

hello: hello.o
#  Implicit rule search has been done.
#  Last modified 2021-09-27 12:54:59.422861465
#  File has been updated.
#  Successfully updated.

bomb: bomb.o
#  Implicit rule search has been done.
#  Last modified 2021-09-27 13:56:00.858764525
#  File has been updated.
#  Successfully updated.

# Not a target:
bomb.o:
#  Implicit rule search has been done.
#  Last modified 2021-09-27 13:56:00.818764438
#  File has been updated.
#  Successfully updated.

# Not a target:
.DEFAULT:
#  Implicit rule search has not been done.
#  Modification time never checked.
#  File has not been updated.

clean:
#  Implicit rule search has not been done.
#  Modification time never checked.
#  File has not been updated.
#  recipe to execute (from 'Makefile', line 30):
	@rm -f $(PROGRAMS) $(OBJS)

sum: sum.o
#  Implicit rule search has been done.
#  Last modified 2021-09-27 13:55:26.474690363
#  File has been updated.
#  Successfully updated.

# Not a target:
sum.o:
#  Implicit rule search has been done.
#  Last modified 2021-09-27 13:55:26.434690276
#  File has been updated.
#  Successfully updated.

average: average.o
#  Implicit rule search has been done.
#  Last modified 2021-09-27 14:09:38.580528044
#  File has been updated.
#  Successfully updated.

# Not a target:
average.o:
#  Implicit rule search has been done.
#  Last modified 2021-09-27 14:09:38.536527949
#  File has been updated.
#  Successfully updated.

lint:
#  Implicit rule search has not been done.
#  Modification time never checked.
#  File has not been updated.
#  recipe to execute (from 'Makefile', line 27):
	@cpplint $(SOURCES)

# files hash-table stats:
# Load=18/1024=2%, Rehash=0, Collisions=2/47=4%
# VPATH Search Paths

# No 'vpath' search paths.

# No general ('VPATH' variable) search path.

# strcache buffers: 1 (0) / strings = 30 / storage = 234 B / avg = 7 B
# current buf: size = 8162 B / used = 234 B / count = 30 / avg = 7 B

# strcache performance: lookups = 60 / hit rate = 50%
# hash-table stats:
# Load=30/8192=0%, Rehash=0, Collisions=5/60=8%
# Finished Make data base on Mon Sep 27 14:19:18 2021

 
